  DBForms.c
  form.c
C:\Users\rafae\Desktop\Projeto1\Projeto1\DBForms.c(27,36): warning C4244: 'função': conversão de 'double' para 'float', possível perda de dados
C:\Users\rafae\Desktop\Projeto1\Projeto1\DBForms.c(27,63): warning C4244: 'função': conversão de 'double' para 'float', possível perda de dados
C:\Users\rafae\Desktop\Projeto1\Projeto1\DBForms.c(27,90): warning C4244: 'função': conversão de 'double' para 'float', possível perda de dados
C:\Users\rafae\Desktop\Projeto1\Projeto1\form.c(89,58): warning C4244: 'função': conversão de 'double' para 'float', possível perda de dados
C:\Users\rafae\Desktop\Projeto1\Projeto1\form.c(130,27): warning C4244: 'função': conversão de 'int' para 'float', possível perda de dados
C:\Users\rafae\Desktop\Projeto1\Projeto1\form.c(130,45): warning C4244: 'função': conversão de 'int' para 'float', possível perda de dados
C:\Users\rafae\Desktop\Projeto1\Projeto1\form.c(130,63): warning C4244: 'função': conversão de 'int' para 'float', possível perda de dados
C:\Users\rafae\Desktop\Projeto1\Projeto1\form.c(130,87): warning C4244: 'função': conversão de 'int' para 'float', possível perda de dados
C:\Users\rafae\Desktop\Projeto1\Projeto1\form.c(133,24): warning C4244: 'função': conversão de 'int' para 'float', possível perda de dados
C:\Users\rafae\Desktop\Projeto1\Projeto1\form.c(133,42): warning C4244: 'função': conversão de 'int' para 'float', possível perda de dados
C:\Users\rafae\Desktop\Projeto1\Projeto1\form.c(133,60): warning C4244: 'função': conversão de 'int' para 'float', possível perda de dados
C:\Users\rafae\Desktop\Projeto1\Projeto1\form.c(136,29): warning C4244: 'função': conversão de 'int' para 'float', possível perda de dados
C:\Users\rafae\Desktop\Projeto1\Projeto1\form.c(136,47): warning C4244: 'função': conversão de 'int' para 'float', possível perda de dados
C:\Users\rafae\Desktop\Projeto1\Projeto1\form.c(136,65): warning C4244: 'função': conversão de 'int' para 'float', possível perda de dados
C:\Users\rafae\Desktop\Projeto1\Projeto1\form.c(136,89): warning C4244: 'função': conversão de 'int' para 'float', possível perda de dados
C:\Users\rafae\Desktop\Projeto1\Projeto1\form.c(139,22): warning C4244: 'função': conversão de 'int' para 'float', possível perda de dados
C:\Users\rafae\Desktop\Projeto1\Projeto1\form.c(139,40): warning C4244: 'função': conversão de 'int' para 'float', possível perda de dados
C:\Users\rafae\Desktop\Projeto1\Projeto1\form.c(139,58): warning C4244: 'função': conversão de 'int' para 'float', possível perda de dados
C:\Users\rafae\Desktop\Projeto1\Projeto1\form.c(139,82): warning C4244: 'função': conversão de 'int' para 'float', possível perda de dados
C:\Users\rafae\Desktop\Projeto1\Projeto1\form.c(142,30): warning C4244: 'função': conversão de 'int' para 'float', possível perda de dados
C:\Users\rafae\Desktop\Projeto1\Projeto1\form.c(142,48): warning C4244: 'função': conversão de 'int' para 'float', possível perda de dados
C:\Users\rafae\Desktop\Projeto1\Projeto1\form.c(142,66): warning C4244: 'função': conversão de 'int' para 'float', possível perda de dados
C:\Users\rafae\Desktop\Projeto1\Projeto1\form.c(142,90): warning C4244: 'função': conversão de 'int' para 'float', possível perda de dados
C:\Users\rafae\Desktop\Projeto1\Projeto1\form.c(145,25): warning C4244: 'função': conversão de 'int' para 'float', possível perda de dados
C:\Users\rafae\Desktop\Projeto1\Projeto1\form.c(145,43): warning C4244: 'função': conversão de 'int' para 'float', possível perda de dados
C:\Users\rafae\Desktop\Projeto1\Projeto1\form.c(145,61): warning C4244: 'função': conversão de 'int' para 'float', possível perda de dados
C:\Users\rafae\Desktop\Projeto1\Projeto1\form.c(145,85): warning C4244: 'função': conversão de 'int' para 'float', possível perda de dados
C:\Users\rafae\Desktop\Projeto1\Projeto1\form.c(148,31): warning C4244: 'função': conversão de 'int' para 'float', possível perda de dados
C:\Users\rafae\Desktop\Projeto1\Projeto1\form.c(148,49): warning C4244: 'função': conversão de 'int' para 'float', possível perda de dados
C:\Users\rafae\Desktop\Projeto1\Projeto1\form.c(148,67): warning C4244: 'função': conversão de 'int' para 'float', possível perda de dados
C:\Users\rafae\Desktop\Projeto1\Projeto1\form.c(148,91): warning C4244: 'função': conversão de 'int' para 'float', possível perda de dados
C:\Users\rafae\Desktop\Projeto1\Projeto1\form.c(152,27): warning C4244: 'função': conversão de 'int' para 'float', possível perda de dados
C:\Users\rafae\Desktop\Projeto1\Projeto1\form.c(152,45): warning C4244: 'função': conversão de 'int' para 'float', possível perda de dados
C:\Users\rafae\Desktop\Projeto1\Projeto1\form.c(152,63): warning C4244: 'função': conversão de 'int' para 'float', possível perda de dados
C:\Users\rafae\Desktop\Projeto1\Projeto1\form.c(152,87): warning C4244: 'função': conversão de 'int' para 'float', possível perda de dados
C:\Users\rafae\Desktop\Projeto1\Projeto1\form.c(163,20): warning C4244: 'função': conversão de 'int' para 'float', possível perda de dados
C:\Users\rafae\Desktop\Projeto1\Projeto1\form.c(163,23): warning C4244: 'função': conversão de 'int' para 'float', possível perda de dados
C:\Users\rafae\Desktop\Projeto1\Projeto1\form.c(163,33): warning C4244: 'função': conversão de 'int' para 'float', possível perda de dados
C:\Users\rafae\Desktop\Projeto1\Projeto1\form.c(163,57): warning C4244: 'função': conversão de 'int' para 'float', possível perda de dados
C:\Users\rafae\Desktop\Projeto1\Projeto1\form.c(166,17): warning C4244: 'função': conversão de 'int' para 'float', possível perda de dados
C:\Users\rafae\Desktop\Projeto1\Projeto1\form.c(166,20): warning C4244: 'função': conversão de 'int' para 'float', possível perda de dados
C:\Users\rafae\Desktop\Projeto1\Projeto1\form.c(166,30): warning C4244: 'função': conversão de 'int' para 'float', possível perda de dados
C:\Users\rafae\Desktop\Projeto1\Projeto1\form.c(169,22): warning C4244: 'função': conversão de 'int' para 'float', possível perda de dados
C:\Users\rafae\Desktop\Projeto1\Projeto1\form.c(169,25): warning C4244: 'função': conversão de 'int' para 'float', possível perda de dados
C:\Users\rafae\Desktop\Projeto1\Projeto1\form.c(169,35): warning C4244: 'função': conversão de 'int' para 'float', possível perda de dados
C:\Users\rafae\Desktop\Projeto1\Projeto1\form.c(169,59): warning C4244: 'função': conversão de 'int' para 'float', possível perda de dados
C:\Users\rafae\Desktop\Projeto1\Projeto1\form.c(172,15): warning C4244: 'função': conversão de 'int' para 'float', possível perda de dados
C:\Users\rafae\Desktop\Projeto1\Projeto1\form.c(172,18): warning C4244: 'função': conversão de 'int' para 'float', possível perda de dados
C:\Users\rafae\Desktop\Projeto1\Projeto1\form.c(172,28): warning C4244: 'função': conversão de 'int' para 'float', possível perda de dados
C:\Users\rafae\Desktop\Projeto1\Projeto1\form.c(172,52): warning C4244: 'função': conversão de 'int' para 'float', possível perda de dados
C:\Users\rafae\Desktop\Projeto1\Projeto1\form.c(175,23): warning C4244: 'função': conversão de 'int' para 'float', possível perda de dados
C:\Users\rafae\Desktop\Projeto1\Projeto1\form.c(175,26): warning C4244: 'função': conversão de 'int' para 'float', possível perda de dados
C:\Users\rafae\Desktop\Projeto1\Projeto1\form.c(175,36): warning C4244: 'função': conversão de 'int' para 'float', possível perda de dados
C:\Users\rafae\Desktop\Projeto1\Projeto1\form.c(175,60): warning C4244: 'função': conversão de 'int' para 'float', possível perda de dados
C:\Users\rafae\Desktop\Projeto1\Projeto1\form.c(178,18): warning C4244: 'função': conversão de 'int' para 'float', possível perda de dados
C:\Users\rafae\Desktop\Projeto1\Projeto1\form.c(178,21): warning C4244: 'função': conversão de 'int' para 'float', possível perda de dados
C:\Users\rafae\Desktop\Projeto1\Projeto1\form.c(178,31): warning C4244: 'função': conversão de 'int' para 'float', possível perda de dados
C:\Users\rafae\Desktop\Projeto1\Projeto1\form.c(178,55): warning C4244: 'função': conversão de 'int' para 'float', possível perda de dados
C:\Users\rafae\Desktop\Projeto1\Projeto1\form.c(181,24): warning C4244: 'função': conversão de 'int' para 'float', possível perda de dados
C:\Users\rafae\Desktop\Projeto1\Projeto1\form.c(181,27): warning C4244: 'função': conversão de 'int' para 'float', possível perda de dados
C:\Users\rafae\Desktop\Projeto1\Projeto1\form.c(181,37): warning C4244: 'função': conversão de 'int' para 'float', possível perda de dados
C:\Users\rafae\Desktop\Projeto1\Projeto1\form.c(181,61): warning C4244: 'função': conversão de 'int' para 'float', possível perda de dados
C:\Users\rafae\Desktop\Projeto1\Projeto1\form.c(185,20): warning C4244: 'função': conversão de 'int' para 'float', possível perda de dados
C:\Users\rafae\Desktop\Projeto1\Projeto1\form.c(185,23): warning C4244: 'função': conversão de 'int' para 'float', possível perda de dados
C:\Users\rafae\Desktop\Projeto1\Projeto1\form.c(185,33): warning C4244: 'função': conversão de 'int' para 'float', possível perda de dados
C:\Users\rafae\Desktop\Projeto1\Projeto1\form.c(185,57): warning C4244: 'função': conversão de 'int' para 'float', possível perda de dados
C:\Users\rafae\Desktop\Projeto1\Projeto1\form.c(198,20): warning C4244: 'função': conversão de 'int' para 'float', possível perda de dados
C:\Users\rafae\Desktop\Projeto1\Projeto1\form.c(198,23): warning C4244: 'função': conversão de 'int' para 'float', possível perda de dados
C:\Users\rafae\Desktop\Projeto1\Projeto1\form.c(198,33): warning C4244: 'função': conversão de 'int' para 'float', possível perda de dados
C:\Users\rafae\Desktop\Projeto1\Projeto1\form.c(198,57): warning C4244: 'função': conversão de 'int' para 'float', possível perda de dados
C:\Users\rafae\Desktop\Projeto1\Projeto1\form.c(201,17): warning C4244: 'função': conversão de 'int' para 'float', possível perda de dados
C:\Users\rafae\Desktop\Projeto1\Projeto1\form.c(201,20): warning C4244: 'função': conversão de 'int' para 'float', possível perda de dados
C:\Users\rafae\Desktop\Projeto1\Projeto1\form.c(201,30): warning C4244: 'função': conversão de 'int' para 'float', possível perda de dados
C:\Users\rafae\Desktop\Projeto1\Projeto1\form.c(204,22): warning C4244: 'função': conversão de 'int' para 'float', possível perda de dados
C:\Users\rafae\Desktop\Projeto1\Projeto1\form.c(204,25): warning C4244: 'função': conversão de 'int' para 'float', possível perda de dados
C:\Users\rafae\Desktop\Projeto1\Projeto1\form.c(204,35): warning C4244: 'função': conversão de 'int' para 'float', possível perda de dados
C:\Users\rafae\Desktop\Projeto1\Projeto1\form.c(204,59): warning C4244: 'função': conversão de 'int' para 'float', possível perda de dados
C:\Users\rafae\Desktop\Projeto1\Projeto1\form.c(207,15): warning C4244: 'função': conversão de 'int' para 'float', possível perda de dados
C:\Users\rafae\Desktop\Projeto1\Projeto1\form.c(207,18): warning C4244: 'função': conversão de 'int' para 'float', possível perda de dados
C:\Users\rafae\Desktop\Projeto1\Projeto1\form.c(207,28): warning C4244: 'função': conversão de 'int' para 'float', possível perda de dados
C:\Users\rafae\Desktop\Projeto1\Projeto1\form.c(207,52): warning C4244: 'função': conversão de 'int' para 'float', possível perda de dados
C:\Users\rafae\Desktop\Projeto1\Projeto1\form.c(210,23): warning C4244: 'função': conversão de 'int' para 'float', possível perda de dados
C:\Users\rafae\Desktop\Projeto1\Projeto1\form.c(210,26): warning C4244: 'função': conversão de 'int' para 'float', possível perda de dados
C:\Users\rafae\Desktop\Projeto1\Projeto1\form.c(210,36): warning C4244: 'função': conversão de 'int' para 'float', possível perda de dados
C:\Users\rafae\Desktop\Projeto1\Projeto1\form.c(210,60): warning C4244: 'função': conversão de 'int' para 'float', possível perda de dados
C:\Users\rafae\Desktop\Projeto1\Projeto1\form.c(213,18): warning C4244: 'função': conversão de 'int' para 'float', possível perda de dados
C:\Users\rafae\Desktop\Projeto1\Projeto1\form.c(213,21): warning C4244: 'função': conversão de 'int' para 'float', possível perda de dados
C:\Users\rafae\Desktop\Projeto1\Projeto1\form.c(213,31): warning C4244: 'função': conversão de 'int' para 'float', possível perda de dados
C:\Users\rafae\Desktop\Projeto1\Projeto1\form.c(213,55): warning C4244: 'função': conversão de 'int' para 'float', possível perda de dados
C:\Users\rafae\Desktop\Projeto1\Projeto1\form.c(216,24): warning C4244: 'função': conversão de 'int' para 'float', possível perda de dados
C:\Users\rafae\Desktop\Projeto1\Projeto1\form.c(216,27): warning C4244: 'função': conversão de 'int' para 'float', possível perda de dados
C:\Users\rafae\Desktop\Projeto1\Projeto1\form.c(216,37): warning C4244: 'função': conversão de 'int' para 'float', possível perda de dados
C:\Users\rafae\Desktop\Projeto1\Projeto1\form.c(216,61): warning C4244: 'função': conversão de 'int' para 'float', possível perda de dados
C:\Users\rafae\Desktop\Projeto1\Projeto1\form.c(220,20): warning C4244: 'função': conversão de 'int' para 'float', possível perda de dados
C:\Users\rafae\Desktop\Projeto1\Projeto1\form.c(220,23): warning C4244: 'função': conversão de 'int' para 'float', possível perda de dados
C:\Users\rafae\Desktop\Projeto1\Projeto1\form.c(220,33): warning C4244: 'função': conversão de 'int' para 'float', possível perda de dados
C:\Users\rafae\Desktop\Projeto1\Projeto1\form.c(220,57): warning C4244: 'função': conversão de 'int' para 'float', possível perda de dados
C:\Users\rafae\Desktop\Projeto1\Projeto1\form.c(232,21): warning C4244: 'função': conversão de 'int' para 'float', possível perda de dados
C:\Users\rafae\Desktop\Projeto1\Projeto1\form.c(232,24): warning C4244: 'função': conversão de 'int' para 'float', possível perda de dados
C:\Users\rafae\Desktop\Projeto1\Projeto1\form.c(232,34): warning C4244: 'função': conversão de 'int' para 'float', possível perda de dados
C:\Users\rafae\Desktop\Projeto1\Projeto1\form.c(232,58): warning C4244: 'função': conversão de 'int' para 'float', possível perda de dados
C:\Users\rafae\Desktop\Projeto1\Projeto1\form.c(235,18): warning C4244: 'função': conversão de 'int' para 'float', possível perda de dados
C:\Users\rafae\Desktop\Projeto1\Projeto1\form.c(235,21): warning C4244: 'função': conversão de 'int' para 'float', possível perda de dados
C:\Users\rafae\Desktop\Projeto1\Projeto1\form.c(235,31): warning C4244: 'função': conversão de 'int' para 'float', possível perda de dados
C:\Users\rafae\Desktop\Projeto1\Projeto1\form.c(238,23): warning C4244: 'função': conversão de 'int' para 'float', possível perda de dados
C:\Users\rafae\Desktop\Projeto1\Projeto1\form.c(238,26): warning C4244: 'função': conversão de 'int' para 'float', possível perda de dados
C:\Users\rafae\Desktop\Projeto1\Projeto1\form.c(238,36): warning C4244: 'função': conversão de 'int' para 'float', possível perda de dados
C:\Users\rafae\Desktop\Projeto1\Projeto1\form.c(238,60): warning C4244: 'função': conversão de 'int' para 'float', possível perda de dados
C:\Users\rafae\Desktop\Projeto1\Projeto1\form.c(241,16): warning C4244: 'função': conversão de 'int' para 'float', possível perda de dados
C:\Users\rafae\Desktop\Projeto1\Projeto1\form.c(241,19): warning C4244: 'função': conversão de 'int' para 'float', possível perda de dados
C:\Users\rafae\Desktop\Projeto1\Projeto1\form.c(241,29): warning C4244: 'função': conversão de 'int' para 'float', possível perda de dados
C:\Users\rafae\Desktop\Projeto1\Projeto1\form.c(241,53): warning C4244: 'função': conversão de 'int' para 'float', possível perda de dados
C:\Users\rafae\Desktop\Projeto1\Projeto1\form.c(244,24): warning C4244: 'função': conversão de 'int' para 'float', possível perda de dados
C:\Users\rafae\Desktop\Projeto1\Projeto1\form.c(244,27): warning C4244: 'função': conversão de 'int' para 'float', possível perda de dados
C:\Users\rafae\Desktop\Projeto1\Projeto1\form.c(244,37): warning C4244: 'função': conversão de 'int' para 'float', possível perda de dados
C:\Users\rafae\Desktop\Projeto1\Projeto1\form.c(244,61): warning C4244: 'função': conversão de 'int' para 'float', possível perda de dados
C:\Users\rafae\Desktop\Projeto1\Projeto1\form.c(247,18): warning C4244: 'função': conversão de 'int' para 'float', possível perda de dados
C:\Users\rafae\Desktop\Projeto1\Projeto1\form.c(247,21): warning C4244: 'função': conversão de 'int' para 'float', possível perda de dados
C:\Users\rafae\Desktop\Projeto1\Projeto1\form.c(247,31): warning C4244: 'função': conversão de 'int' para 'float', possível perda de dados
C:\Users\rafae\Desktop\Projeto1\Projeto1\form.c(247,55): warning C4244: 'função': conversão de 'int' para 'float', possível perda de dados
C:\Users\rafae\Desktop\Projeto1\Projeto1\form.c(250,24): warning C4244: 'função': conversão de 'int' para 'float', possível perda de dados
C:\Users\rafae\Desktop\Projeto1\Projeto1\form.c(250,27): warning C4244: 'função': conversão de 'int' para 'float', possível perda de dados
C:\Users\rafae\Desktop\Projeto1\Projeto1\form.c(250,37): warning C4244: 'função': conversão de 'int' para 'float', possível perda de dados
C:\Users\rafae\Desktop\Projeto1\Projeto1\form.c(250,61): warning C4244: 'função': conversão de 'int' para 'float', possível perda de dados
C:\Users\rafae\Desktop\Projeto1\Projeto1\form.c(254,21): warning C4244: 'função': conversão de 'int' para 'float', possível perda de dados
C:\Users\rafae\Desktop\Projeto1\Projeto1\form.c(254,24): warning C4244: 'função': conversão de 'int' para 'float', possível perda de dados
C:\Users\rafae\Desktop\Projeto1\Projeto1\form.c(254,34): warning C4244: 'função': conversão de 'int' para 'float', possível perda de dados
C:\Users\rafae\Desktop\Projeto1\Projeto1\form.c(254,58): warning C4244: 'função': conversão de 'int' para 'float', possível perda de dados
C:\Users\rafae\Desktop\Projeto1\Projeto1\form.c(321,18): warning C4244: 'função': conversão de 'double' para 'GLfloat', possível perda de dados
C:\Users\rafae\Desktop\Projeto1\Projeto1\form.c(328,18): warning C4244: 'função': conversão de 'double' para 'GLfloat', possível perda de dados
C:\Users\rafae\Desktop\Projeto1\Projeto1\form.c(346,39): warning C4244: 'função': conversão de 'double' para 'GLfloat', possível perda de dados
C:\Users\rafae\Desktop\Projeto1\Projeto1\form.c(353,39): warning C4244: 'função': conversão de 'double' para 'GLfloat', possível perda de dados
C:\Users\rafae\Desktop\Projeto1\Projeto1\form.c(366,28): warning C4244: 'função': conversão de 'double' para 'GLfloat', possível perda de dados
C:\Users\rafae\Desktop\Projeto1\Projeto1\form.c(366,66): warning C4244: 'função': conversão de 'double' para 'GLfloat', possível perda de dados
C:\Users\rafae\Desktop\Projeto1\Projeto1\form.c(373,28): warning C4244: 'função': conversão de 'double' para 'GLfloat', possível perda de dados
C:\Users\rafae\Desktop\Projeto1\Projeto1\form.c(373,66): warning C4244: 'função': conversão de 'double' para 'GLfloat', possível perda de dados
C:\Users\rafae\Desktop\Projeto1\Projeto1\form.c(386,28): warning C4244: 'função': conversão de 'double' para 'GLfloat', possível perda de dados
C:\Users\rafae\Desktop\Projeto1\Projeto1\form.c(386,68): warning C4244: 'função': conversão de 'double' para 'GLfloat', possível perda de dados
C:\Users\rafae\Desktop\Projeto1\Projeto1\form.c(393,28): warning C4244: 'função': conversão de 'double' para 'GLfloat', possível perda de dados
C:\Users\rafae\Desktop\Projeto1\Projeto1\form.c(393,68): warning C4244: 'função': conversão de 'double' para 'GLfloat', possível perda de dados
  main.c
C:\Users\rafae\Desktop\Projeto1\Projeto1\main.c(19,9): warning C4005: 'DELETE': redefinição de macro
      C:\Program Files (x86)\Windows Kits\10\Include\10.0.22621.0\um\winnt.h(9772,9):
      ver a definição anterior de "DELETE"
  
C:\Users\rafae\Desktop\Projeto1\Projeto1\main.c(33,20): warning C4305: 'inicializando': truncamento de 'double' para 'float'
C:\Users\rafae\Desktop\Projeto1\Projeto1\main.c(72,25): warning C4244: 'função': conversão de 'int' para 'float', possível perda de dados
C:\Users\rafae\Desktop\Projeto1\Projeto1\main.c(72,28): warning C4244: 'função': conversão de 'int' para 'float', possível perda de dados
C:\Users\rafae\Desktop\Projeto1\Projeto1\main.c(93,34): warning C4244: 'função': conversão de 'GLint' para 'float', possível perda de dados
C:\Users\rafae\Desktop\Projeto1\Projeto1\main.c(93,37): warning C4244: 'função': conversão de 'GLint' para 'float', possível perda de dados
C:\Users\rafae\Desktop\Projeto1\Projeto1\main.c(103,38): warning C4244: 'função': conversão de 'GLint' para 'float', possível perda de dados
C:\Users\rafae\Desktop\Projeto1\Projeto1\main.c(103,41): warning C4244: 'função': conversão de 'GLint' para 'float', possível perda de dados
C:\Users\rafae\Desktop\Projeto1\Projeto1\main.c(116,41): warning C4244: 'função': conversão de 'GLint' para 'float', possível perda de dados
C:\Users\rafae\Desktop\Projeto1\Projeto1\main.c(116,44): warning C4244: 'função': conversão de 'GLint' para 'float', possível perda de dados
C:\Users\rafae\Desktop\Projeto1\Projeto1\main.c(119,57): warning C4244: 'função': conversão de 'int' para 'float', possível perda de dados
C:\Users\rafae\Desktop\Projeto1\Projeto1\main.c(128,39): warning C4244: 'função': conversão de 'GLint' para 'float', possível perda de dados
C:\Users\rafae\Desktop\Projeto1\Projeto1\main.c(128,42): warning C4244: 'função': conversão de 'GLint' para 'float', possível perda de dados
C:\Users\rafae\Desktop\Projeto1\Projeto1\main.c(139,39): warning C4244: 'função': conversão de 'GLint' para 'float', possível perda de dados
C:\Users\rafae\Desktop\Projeto1\Projeto1\main.c(139,42): warning C4244: 'função': conversão de 'GLint' para 'float', possível perda de dados
C:\Users\rafae\Desktop\Projeto1\Projeto1\main.c(158,48): warning C4244: 'função': conversão de 'GLint' para 'float', possível perda de dados
C:\Users\rafae\Desktop\Projeto1\Projeto1\main.c(158,51): warning C4244: 'função': conversão de 'GLint' para 'float', possível perda de dados
C:\Users\rafae\Desktop\Projeto1\Projeto1\main.c(168,59): warning C4244: 'função': conversão de 'GLint' para 'float', possível perda de dados
C:\Users\rafae\Desktop\Projeto1\Projeto1\main.c(168,62): warning C4244: 'função': conversão de 'GLint' para 'float', possível perda de dados
C:\Users\rafae\Desktop\Projeto1\Projeto1\main.c(168,65): warning C4244: 'função': conversão de 'GLint' para 'float', possível perda de dados
C:\Users\rafae\Desktop\Projeto1\Projeto1\main.c(168,68): warning C4244: 'função': conversão de 'GLint' para 'float', possível perda de dados
C:\Users\rafae\Desktop\Projeto1\Projeto1\main.c(171,50): warning C4244: 'função': conversão de 'GLint' para 'float', possível perda de dados
C:\Users\rafae\Desktop\Projeto1\Projeto1\main.c(171,53): warning C4244: 'função': conversão de 'GLint' para 'float', possível perda de dados
C:\Users\rafae\Desktop\Projeto1\Projeto1\main.c(174,55): warning C4244: 'função': conversão de 'GLint' para 'float', possível perda de dados
C:\Users\rafae\Desktop\Projeto1\Projeto1\main.c(174,58): warning C4244: 'função': conversão de 'GLint' para 'float', possível perda de dados
C:\Users\rafae\Desktop\Projeto1\Projeto1\main.c(177,48): warning C4244: 'função': conversão de 'GLint' para 'float', possível perda de dados
C:\Users\rafae\Desktop\Projeto1\Projeto1\main.c(177,51): warning C4244: 'função': conversão de 'GLint' para 'float', possível perda de dados
C:\Users\rafae\Desktop\Projeto1\Projeto1\main.c(180,56): warning C4244: 'função': conversão de 'GLint' para 'float', possível perda de dados
C:\Users\rafae\Desktop\Projeto1\Projeto1\main.c(180,59): warning C4244: 'função': conversão de 'GLint' para 'float', possível perda de dados
C:\Users\rafae\Desktop\Projeto1\Projeto1\main.c(183,51): warning C4244: 'função': conversão de 'GLint' para 'float', possível perda de dados
C:\Users\rafae\Desktop\Projeto1\Projeto1\main.c(183,54): warning C4244: 'função': conversão de 'GLint' para 'float', possível perda de dados
C:\Users\rafae\Desktop\Projeto1\Projeto1\main.c(186,57): warning C4244: 'função': conversão de 'GLint' para 'float', possível perda de dados
C:\Users\rafae\Desktop\Projeto1\Projeto1\main.c(186,60): warning C4244: 'função': conversão de 'GLint' para 'float', possível perda de dados
C:\Users\rafae\Desktop\Projeto1\Projeto1\main.c(230,43): warning C4244: 'função': conversão de 'GLint' para 'float', possível perda de dados
C:\Users\rafae\Desktop\Projeto1\Projeto1\main.c(230,46): warning C4244: 'função': conversão de 'GLint' para 'float', possível perda de dados
C:\Users\rafae\Desktop\Projeto1\Projeto1\main.c(246,39): warning C4244: 'função': conversão de 'GLint' para 'float', possível perda de dados
C:\Users\rafae\Desktop\Projeto1\Projeto1\main.c(246,42): warning C4244: 'função': conversão de 'GLint' para 'float', possível perda de dados
C:\Users\rafae\Desktop\Projeto1\Projeto1\main.c(250,42): warning C4244: 'função': conversão de 'GLint' para 'float', possível perda de dados
C:\Users\rafae\Desktop\Projeto1\Projeto1\main.c(250,45): warning C4244: 'função': conversão de 'GLint' para 'float', possível perda de dados
C:\Users\rafae\Desktop\Projeto1\Projeto1\main.c(258,46): warning C4244: 'função': conversão de 'GLint' para 'float', possível perda de dados
C:\Users\rafae\Desktop\Projeto1\Projeto1\main.c(258,49): warning C4244: 'função': conversão de 'GLint' para 'float', possível perda de dados
C:\Users\rafae\Desktop\Projeto1\Projeto1\main.c(281,43): warning C4244: 'função': conversão de 'GLint' para 'float', possível perda de dados
C:\Users\rafae\Desktop\Projeto1\Projeto1\main.c(281,46): warning C4244: 'função': conversão de 'GLint' para 'float', possível perda de dados
C:\Users\rafae\Desktop\Projeto1\Projeto1\main.c(418,40): warning C4244: 'função': conversão de 'int' para 'float', possível perda de dados
C:\Users\rafae\Desktop\Projeto1\Projeto1\main.c(418,43): warning C4244: 'função': conversão de 'int' para 'float', possível perda de dados
C:\Users\rafae\Desktop\Projeto1\Projeto1\main.c(425,40): warning C4244: 'função': conversão de 'int' para 'float', possível perda de dados
C:\Users\rafae\Desktop\Projeto1\Projeto1\main.c(425,56): warning C4244: 'função': conversão de 'int' para 'float', possível perda de dados
C:\Users\rafae\Desktop\Projeto1\Projeto1\main.c(441,40): warning C4244: 'função': conversão de 'int' para 'float', possível perda de dados
C:\Users\rafae\Desktop\Projeto1\Projeto1\main.c(441,43): warning C4244: 'função': conversão de 'int' para 'float', possível perda de dados
C:\Users\rafae\Desktop\Projeto1\Projeto1\main.c(459,29): warning C4244: 'função': conversão de 'int' para 'GLfloat', possível perda de dados
C:\Users\rafae\Desktop\Projeto1\Projeto1\main.c(460,21): warning C4244: 'função': conversão de 'int' para 'GLfloat', possível perda de dados
C:\Users\rafae\Desktop\Projeto1\Projeto1\main.c(465,29): warning C4244: 'função': conversão de 'int' para 'GLfloat', possível perda de dados
C:\Users\rafae\Desktop\Projeto1\Projeto1\main.c(466,21): warning C4244: 'função': conversão de 'int' para 'GLfloat', possível perda de dados
C:\Users\rafae\Desktop\Projeto1\Projeto1\main.c(471,29): warning C4244: 'função': conversão de 'int' para 'GLfloat', possível perda de dados
C:\Users\rafae\Desktop\Projeto1\Projeto1\main.c(472,21): warning C4244: 'função': conversão de 'int' para 'GLfloat', possível perda de dados
C:\Users\rafae\Desktop\Projeto1\Projeto1\main.c(490,37): warning C4244: 'função': conversão de 'int' para 'GLfloat', possível perda de dados
C:\Users\rafae\Desktop\Projeto1\Projeto1\main.c(491,37): warning C4244: 'função': conversão de 'int' para 'GLfloat', possível perda de dados
C:\Users\rafae\Desktop\Projeto1\Projeto1\main.c(492,37): warning C4244: 'função': conversão de 'int' para 'GLfloat', possível perda de dados
C:\Users\rafae\Desktop\Projeto1\Projeto1\main.c(493,37): warning C4244: 'função': conversão de 'int' para 'GLfloat', possível perda de dados
C:\Users\rafae\Desktop\Projeto1\Projeto1\main.c(504,37): warning C4244: 'função': conversão de 'int' para 'GLfloat', possível perda de dados
C:\Users\rafae\Desktop\Projeto1\Projeto1\main.c(505,37): warning C4244: 'função': conversão de 'int' para 'GLfloat', possível perda de dados
C:\Users\rafae\Desktop\Projeto1\Projeto1\main.c(506,37): warning C4244: 'função': conversão de 'int' para 'GLfloat', possível perda de dados
C:\Users\rafae\Desktop\Projeto1\Projeto1\main.c(507,37): warning C4244: 'função': conversão de 'int' para 'GLfloat', possível perda de dados
C:\Users\rafae\Desktop\Projeto1\Projeto1\main.c(517,52): warning C4244: 'função': conversão de 'int' para 'float', possível perda de dados
C:\Users\rafae\Desktop\Projeto1\Projeto1\main.c(522,52): warning C4244: 'função': conversão de 'int' para 'float', possível perda de dados
C:\Users\rafae\Desktop\Projeto1\Projeto1\main.c(535,53): warning C4244: 'função': conversão de 'int' para 'float', possível perda de dados
C:\Users\rafae\Desktop\Projeto1\Projeto1\main.c(594,40): warning C4244: 'função': conversão de 'int' para 'float', possível perda de dados
C:\Users\rafae\Desktop\Projeto1\Projeto1\main.c(597,41): warning C4244: 'função': conversão de 'int' para 'float', possível perda de dados
C:\Users\rafae\Desktop\Projeto1\Projeto1\main.c(600,41): warning C4244: 'função': conversão de 'int' para 'float', possível perda de dados
C:\Users\rafae\Desktop\Projeto1\Projeto1\main.c(603,41): warning C4244: 'função': conversão de 'int' para 'float', possível perda de dados
C:\Users\rafae\Desktop\Projeto1\Projeto1\main.c(606,41): warning C4244: 'função': conversão de 'int' para 'float', possível perda de dados
C:\Users\rafae\Desktop\Projeto1\Projeto1\main.c(609,40): warning C4244: 'função': conversão de 'int' para 'float', possível perda de dados
C:\Users\rafae\Desktop\Projeto1\Projeto1\main.c(612,41): warning C4244: 'função': conversão de 'int' para 'float', possível perda de dados
C:\Users\rafae\Desktop\Projeto1\Projeto1\main.c(615,41): warning C4244: 'função': conversão de 'int' para 'float', possível perda de dados
C:\Users\rafae\Desktop\Projeto1\Projeto1\main.c(618,41): warning C4244: 'função': conversão de 'int' para 'float', possível perda de dados
C:\Users\rafae\Desktop\Projeto1\Projeto1\main.c(621,41): warning C4244: 'função': conversão de 'int' para 'float', possível perda de dados
C:\Users\rafae\Desktop\Projeto1\Projeto1\main.c(627,45): warning C4244: 'função': conversão de 'int' para 'float', possível perda de dados
C:\Users\rafae\Desktop\Projeto1\Projeto1\main.c(630,45): warning C4244: 'função': conversão de 'int' para 'float', possível perda de dados
C:\Users\rafae\Desktop\Projeto1\Projeto1\main.c(633,45): warning C4244: 'função': conversão de 'int' para 'float', possível perda de dados
C:\Users\rafae\Desktop\Projeto1\Projeto1\main.c(636,45): warning C4244: 'função': conversão de 'int' para 'float', possível perda de dados
C:\Users\rafae\Desktop\Projeto1\Projeto1\main.c(639,45): warning C4244: 'função': conversão de 'int' para 'float', possível perda de dados
C:\Users\rafae\Desktop\Projeto1\Projeto1\main.c(642,45): warning C4244: 'função': conversão de 'int' para 'float', possível perda de dados
C:\Users\rafae\Desktop\Projeto1\Projeto1\main.c(645,45): warning C4244: 'função': conversão de 'int' para 'float', possível perda de dados
C:\Users\rafae\Desktop\Projeto1\Projeto1\main.c(648,45): warning C4244: 'função': conversão de 'int' para 'float', possível perda de dados
C:\Users\rafae\Desktop\Projeto1\Projeto1\main.c(651,45): warning C4244: 'função': conversão de 'int' para 'float', possível perda de dados
C:\Users\rafae\Desktop\Projeto1\Projeto1\main.c(654,45): warning C4244: 'função': conversão de 'int' para 'float', possível perda de dados
C:\Users\rafae\Desktop\Projeto1\Projeto1\main.c(669,44): warning C4244: 'função': conversão de 'int' para 'float', possível perda de dados
C:\Users\rafae\Desktop\Projeto1\Projeto1\main.c(669,52): warning C4244: 'função': conversão de 'int' para 'float', possível perda de dados
C:\Users\rafae\Desktop\Projeto1\Projeto1\main.c(669,60): warning C4244: 'função': conversão de 'int' para 'float', possível perda de dados
C:\Users\rafae\Desktop\Projeto1\Projeto1\main.c(669,66): warning C4244: 'função': conversão de 'int' para 'float', possível perda de dados
C:\Users\rafae\Desktop\Projeto1\Projeto1\main.c(674,54): warning C4244: 'função': conversão de 'int' para 'float', possível perda de dados
C:\Users\rafae\Desktop\Projeto1\Projeto1\main.c(674,65): warning C4244: 'função': conversão de 'int' para 'float', possível perda de dados
C:\Users\rafae\Desktop\Projeto1\Projeto1\main.c(674,73): warning C4244: 'função': conversão de 'int' para 'float', possível perda de dados
C:\Users\rafae\Desktop\Projeto1\Projeto1\main.c(674,79): warning C4244: 'função': conversão de 'int' para 'float', possível perda de dados
C:\Users\rafae\Desktop\Projeto1\Projeto1\main.c(679,48): warning C4244: 'função': conversão de 'int' para 'float', possível perda de dados
C:\Users\rafae\Desktop\Projeto1\Projeto1\main.c(679,63): warning C4244: 'função': conversão de 'int' para 'float', possível perda de dados
C:\Users\rafae\Desktop\Projeto1\Projeto1\main.c(679,71): warning C4244: 'função': conversão de 'int' para 'float', possível perda de dados
C:\Users\rafae\Desktop\Projeto1\Projeto1\main.c(679,77): warning C4244: 'função': conversão de 'int' para 'float', possível perda de dados
C:\Users\rafae\Desktop\Projeto1\Projeto1\main.c(684,46): warning C4244: 'função': conversão de 'int' para 'float', possível perda de dados
C:\Users\rafae\Desktop\Projeto1\Projeto1\main.c(684,61): warning C4244: 'função': conversão de 'int' para 'float', possível perda de dados
C:\Users\rafae\Desktop\Projeto1\Projeto1\main.c(684,69): warning C4244: 'função': conversão de 'int' para 'float', possível perda de dados
C:\Users\rafae\Desktop\Projeto1\Projeto1\main.c(684,75): warning C4244: 'função': conversão de 'int' para 'float', possível perda de dados
C:\Users\rafae\Desktop\Projeto1\Projeto1\main.c(689,55): warning C4244: 'função': conversão de 'int' para 'float', possível perda de dados
C:\Users\rafae\Desktop\Projeto1\Projeto1\main.c(689,70): warning C4244: 'função': conversão de 'int' para 'float', possível perda de dados
C:\Users\rafae\Desktop\Projeto1\Projeto1\main.c(689,78): warning C4244: 'função': conversão de 'int' para 'float', possível perda de dados
C:\Users\rafae\Desktop\Projeto1\Projeto1\main.c(689,84): warning C4244: 'função': conversão de 'int' para 'float', possível perda de dados
C:\Users\rafae\Desktop\Projeto1\Projeto1\main.c(694,49): warning C4244: 'função': conversão de 'int' para 'float', possível perda de dados
C:\Users\rafae\Desktop\Projeto1\Projeto1\main.c(694,64): warning C4244: 'função': conversão de 'int' para 'float', possível perda de dados
C:\Users\rafae\Desktop\Projeto1\Projeto1\main.c(694,72): warning C4244: 'função': conversão de 'int' para 'float', possível perda de dados
C:\Users\rafae\Desktop\Projeto1\Projeto1\main.c(694,78): warning C4244: 'função': conversão de 'int' para 'float', possível perda de dados
C:\Users\rafae\Desktop\Projeto1\Projeto1\main.c(699,55): warning C4244: 'função': conversão de 'int' para 'float', possível perda de dados
C:\Users\rafae\Desktop\Projeto1\Projeto1\main.c(699,70): warning C4244: 'função': conversão de 'int' para 'float', possível perda de dados
C:\Users\rafae\Desktop\Projeto1\Projeto1\main.c(699,78): warning C4244: 'função': conversão de 'int' para 'float', possível perda de dados
C:\Users\rafae\Desktop\Projeto1\Projeto1\main.c(699,84): warning C4244: 'função': conversão de 'int' para 'float', possível perda de dados
C:\Users\rafae\Desktop\Projeto1\Projeto1\main.c(708,46): warning C4244: 'função': conversão de 'int' para 'float', possível perda de dados
C:\Users\rafae\Desktop\Projeto1\Projeto1\main.c(711,46): warning C4244: 'função': conversão de 'int' para 'float', possível perda de dados
C:\Users\rafae\Desktop\Projeto1\Projeto1\main.c(714,46): warning C4244: 'função': conversão de 'int' para 'float', possível perda de dados
C:\Users\rafae\Desktop\Projeto1\Projeto1\main.c(716,47): warning C4244: 'função': conversão de 'int' para 'float', possível perda de dados
C:\Users\rafae\Desktop\Projeto1\Projeto1\main.c(718,47): warning C4244: 'função': conversão de 'int' para 'float', possível perda de dados
C:\Users\rafae\Desktop\Projeto1\Projeto1\main.c(724,45): warning C4244: 'função': conversão de 'int' para 'float', possível perda de dados
C:\Users\rafae\Desktop\Projeto1\Projeto1\main.c(734,11): warning C4244: 'função': conversão de 'time_t' para 'unsigned int', possível perda de dados
C:\Users\rafae\Desktop\Projeto1\Projeto1\main.c(732,9): warning C4101: 'i': variável local não referenciada
C:\Users\rafae\Desktop\Projeto1\Projeto1\main.c(766,38): warning C4244: 'função': conversão de 'int' para 'float', possível perda de dados
C:\Users\rafae\Desktop\Projeto1\Projeto1\main.c(769,45): warning C4244: 'função': conversão de 'int' para 'float', possível perda de dados
C:\Users\rafae\Desktop\Projeto1\Projeto1\main.c(772,45): warning C4244: 'função': conversão de 'int' para 'float', possível perda de dados
C:\Users\rafae\Desktop\Projeto1\Projeto1\main.c(778,49): warning C4244: 'função': conversão de 'int' para 'float', possível perda de dados
C:\Users\rafae\Desktop\Projeto1\Projeto1\main.c(781,49): warning C4244: 'função': conversão de 'int' para 'float', possível perda de dados
C:\Users\rafae\Desktop\Projeto1\Projeto1\main.c(787,48): warning C4244: 'função': conversão de 'int' para 'float', possível perda de dados
C:\Users\rafae\Desktop\Projeto1\Projeto1\main.c(791,46): warning C4244: 'função': conversão de 'int' para 'float', possível perda de dados
C:\Users\rafae\Desktop\Projeto1\Projeto1\main.c(807,21): warning C4113: 'void (__cdecl *)()' difere em listas de parâmetro de 'void (__cdecl *)(void)'
  Gerando Código...
  Projeto1.vcxproj -> C:\Users\rafae\Desktop\Projeto1\Debug\Projeto1.exe
